Terminals unused in grammar

   GVAR
   COMPARISON
   ARROW


Grammar

    0 $accept: start $end

    1 start: lf
    2      | rawlf
    3      | tdllf
    4      | error

    5 lf: '@' ID ':' ID '(' lfconj ')'
    6   | '@' ID '(' lfconj ')'
    7   | '(' lfconj ')'

    8 lfconj: lfterm '^' lfconj
    9       | lfterm

   10 lfterm: '<' ID '>' '(' lfconj ')'
   11       | '<' ID '>' ID
   12       | '<' ID '>' STRING
   13       | '<' ID '>' ID ':' ID
   14       | '<' ID '>' ID ':'
   15       | ID ':' ID
   16       | ID ':'
   17       | ':' ID
   18       | ID

   19 rawlf: ID '(' ID keyval ')'

   20 keyval: ',' ID '=' STRING keyval
   21       | ',' ID '=' ID keyval
   22       | %empty

   23 tdllf: '[' nodes ']'

   24 nodes: node '&' nodes
   25      | node

   26 node: ID
   27     | STRING
   28     | '[' featvals ']'
   29     | VAR
   30     | '<' elements '>'
   31     | "<!" elements "!>"
   32     | '<' '>'
   33     | "<!" "!>"

   34 featvals: featval ',' featvals
   35         | featval

   36 featval: path nodes

   37 path: ID '.' path
   38     | ID

   39 elements: nodes ',' elements
   40         | nodes
   41         | "..."


Terminals, with rules where they appear

$end (0) 0
'&' (38) 24
'(' (40) 5 6 7 10 19
')' (41) 5 6 7 10 19
',' (44) 20 21 34 39
'.' (46) 37
':' (58) 5 13 14 15 16 17
'<' (60) 10 11 12 13 14 30 32
'=' (61) 20 21
'>' (62) 10 11 12 13 14 30 32
'@' (64) 5 6
'[' (91) 23 28
']' (93) 23 28
'^' (94) 8
error (256) 4
ID (258) 5 6 10 11 12 13 14 15 16 17 18 19 20 21 26 37 38
VAR (259) 29
GVAR (260)
COMPARISON (261)
ARROW (262)
STRING (263) 12 20 27
"<!" (265) 31 33
"!>" (266) 31 33
"..." (267) 41


Nonterminals, with rules where they appear

$accept (25)
    on left: 0
start (26)
    on left: 1 2 3 4, on right: 0
lf (27)
    on left: 5 6 7, on right: 1
lfconj (28)
    on left: 8 9, on right: 5 6 7 8 10
lfterm (29)
    on left: 10 11 12 13 14 15 16 17 18, on right: 8 9
rawlf (30)
    on left: 19, on right: 2
keyval (31)
    on left: 20 21 22, on right: 19 20 21
tdllf (32)
    on left: 23, on right: 3
nodes (33)
    on left: 24 25, on right: 23 24 36 39 40
node (34)
    on left: 26 27 28 29 30 31 32 33, on right: 24 25
featvals (35)
    on left: 34 35, on right: 28 34
featval (36)
    on left: 36, on right: 34 35
path (37)
    on left: 37 38, on right: 36 37
elements (38)
    on left: 39 40 41, on right: 30 31 39


State 0

    0 $accept: . start $end

    error  shift, and go to state 1
    ID     shift, and go to state 2
    '@'    shift, and go to state 3
    '('    shift, and go to state 4
    '['    shift, and go to state 5

    start  go to state 6
    lf     go to state 7
    rawlf  go to state 8
    tdllf  go to state 9


State 1

    4 start: error .

    $default  reduce using rule 4 (start)


State 2

   19 rawlf: ID . '(' ID keyval ')'

    '('  shift, and go to state 10


State 3

    5 lf: '@' . ID ':' ID '(' lfconj ')'
    6   | '@' . ID '(' lfconj ')'

    ID  shift, and go to state 11


State 4

    7 lf: '(' . lfconj ')'

    ID   shift, and go to state 12
    ':'  shift, and go to state 13
    '<'  shift, and go to state 14

    lfconj  go to state 15
    lfterm  go to state 16


State 5

   23 tdllf: '[' . nodes ']'

    ID      shift, and go to state 17
    VAR     shift, and go to state 18
    STRING  shift, and go to state 19
    '<'     shift, and go to state 20
    '['     shift, and go to state 21
    "<!"    shift, and go to state 22

    nodes  go to state 23
    node   go to state 24


State 6

    0 $accept: start . $end

    $end  shift, and go to state 25


State 7

    1 start: lf .

    $default  reduce using rule 1 (start)


State 8

    2 start: rawlf .

    $default  reduce using rule 2 (start)


State 9

    3 start: tdllf .

    $default  reduce using rule 3 (start)


State 10

   19 rawlf: ID '(' . ID keyval ')'

    ID  shift, and go to state 26


State 11

    5 lf: '@' ID . ':' ID '(' lfconj ')'
    6   | '@' ID . '(' lfconj ')'

    ':'  shift, and go to state 27
    '('  shift, and go to state 28


State 12

   15 lfterm: ID . ':' ID
   16       | ID . ':'
   18       | ID .

    ':'  shift, and go to state 29

    $default  reduce using rule 18 (lfterm)


State 13

   17 lfterm: ':' . ID

    ID  shift, and go to state 30


State 14

   10 lfterm: '<' . ID '>' '(' lfconj ')'
   11       | '<' . ID '>' ID
   12       | '<' . ID '>' STRING
   13       | '<' . ID '>' ID ':' ID
   14       | '<' . ID '>' ID ':'

    ID  shift, and go to state 31


State 15

    7 lf: '(' lfconj . ')'

    ')'  shift, and go to state 32


State 16

    8 lfconj: lfterm . '^' lfconj
    9       | lfterm .

    '^'  shift, and go to state 33

    $default  reduce using rule 9 (lfconj)


State 17

   26 node: ID .

    $default  reduce using rule 26 (node)


State 18

   29 node: VAR .

    $default  reduce using rule 29 (node)


State 19

   27 node: STRING .

    $default  reduce using rule 27 (node)


State 20

   30 node: '<' . elements '>'
   32     | '<' . '>'

    ID      shift, and go to state 17
    VAR     shift, and go to state 18
    STRING  shift, and go to state 19
    '<'     shift, and go to state 20
    '>'     shift, and go to state 34
    '['     shift, and go to state 21
    "<!"    shift, and go to state 22
    "..."   shift, and go to state 35

    nodes     go to state 36
    node      go to state 24
    elements  go to state 37


State 21

   28 node: '[' . featvals ']'

    ID  shift, and go to state 38

    featvals  go to state 39
    featval   go to state 40
    path      go to state 41


State 22

   31 node: "<!" . elements "!>"
   33     | "<!" . "!>"

    ID      shift, and go to state 17
    VAR     shift, and go to state 18
    STRING  shift, and go to state 19
    '<'     shift, and go to state 20
    '['     shift, and go to state 21
    "<!"    shift, and go to state 22
    "!>"    shift, and go to state 42
    "..."   shift, and go to state 35

    nodes     go to state 36
    node      go to state 24
    elements  go to state 43


State 23

   23 tdllf: '[' nodes . ']'

    ']'  shift, and go to state 44


State 24

   24 nodes: node . '&' nodes
   25      | node .

    '&'  shift, and go to state 45

    $default  reduce using rule 25 (nodes)


State 25

    0 $accept: start $end .

    $default  accept


State 26

   19 rawlf: ID '(' ID . keyval ')'

    ','  shift, and go to state 46

    $default  reduce using rule 22 (keyval)

    keyval  go to state 47


State 27

    5 lf: '@' ID ':' . ID '(' lfconj ')'

    ID  shift, and go to state 48


State 28

    6 lf: '@' ID '(' . lfconj ')'

    ID   shift, and go to state 12
    ':'  shift, and go to state 13
    '<'  shift, and go to state 14

    lfconj  go to state 49
    lfterm  go to state 16


State 29

   15 lfterm: ID ':' . ID
   16       | ID ':' .

    ID  shift, and go to state 50

    $default  reduce using rule 16 (lfterm)


State 30

   17 lfterm: ':' ID .

    $default  reduce using rule 17 (lfterm)


State 31

   10 lfterm: '<' ID . '>' '(' lfconj ')'
   11       | '<' ID . '>' ID
   12       | '<' ID . '>' STRING
   13       | '<' ID . '>' ID ':' ID
   14       | '<' ID . '>' ID ':'

    '>'  shift, and go to state 51


State 32

    7 lf: '(' lfconj ')' .

    $default  reduce using rule 7 (lf)


State 33

    8 lfconj: lfterm '^' . lfconj

    ID   shift, and go to state 12
    ':'  shift, and go to state 13
    '<'  shift, and go to state 14

    lfconj  go to state 52
    lfterm  go to state 16


State 34

   32 node: '<' '>' .

    $default  reduce using rule 32 (node)


State 35

   41 elements: "..." .

    $default  reduce using rule 41 (elements)


State 36

   39 elements: nodes . ',' elements
   40         | nodes .

    ','  shift, and go to state 53

    $default  reduce using rule 40 (elements)


State 37

   30 node: '<' elements . '>'

    '>'  shift, and go to state 54


State 38

   37 path: ID . '.' path
   38     | ID .

    '.'  shift, and go to state 55

    $default  reduce using rule 38 (path)


State 39

   28 node: '[' featvals . ']'

    ']'  shift, and go to state 56


State 40

   34 featvals: featval . ',' featvals
   35         | featval .

    ','  shift, and go to state 57

    $default  reduce using rule 35 (featvals)


State 41

   36 featval: path . nodes

    ID      shift, and go to state 17
    VAR     shift, and go to state 18
    STRING  shift, and go to state 19
    '<'     shift, and go to state 20
    '['     shift, and go to state 21
    "<!"    shift, and go to state 22

    nodes  go to state 58
    node   go to state 24


State 42

   33 node: "<!" "!>" .

    $default  reduce using rule 33 (node)


State 43

   31 node: "<!" elements . "!>"

    "!>"  shift, and go to state 59


State 44

   23 tdllf: '[' nodes ']' .

    $default  reduce using rule 23 (tdllf)


State 45

   24 nodes: node '&' . nodes

    ID      shift, and go to state 17
    VAR     shift, and go to state 18
    STRING  shift, and go to state 19
    '<'     shift, and go to state 20
    '['     shift, and go to state 21
    "<!"    shift, and go to state 22

    nodes  go to state 60
    node   go to state 24


State 46

   20 keyval: ',' . ID '=' STRING keyval
   21       | ',' . ID '=' ID keyval

    ID  shift, and go to state 61


State 47

   19 rawlf: ID '(' ID keyval . ')'

    ')'  shift, and go to state 62


State 48

    5 lf: '@' ID ':' ID . '(' lfconj ')'

    '('  shift, and go to state 63


State 49

    6 lf: '@' ID '(' lfconj . ')'

    ')'  shift, and go to state 64


State 50

   15 lfterm: ID ':' ID .

    $default  reduce using rule 15 (lfterm)


State 51

   10 lfterm: '<' ID '>' . '(' lfconj ')'
   11       | '<' ID '>' . ID
   12       | '<' ID '>' . STRING
   13       | '<' ID '>' . ID ':' ID
   14       | '<' ID '>' . ID ':'

    ID      shift, and go to state 65
    STRING  shift, and go to state 66
    '('     shift, and go to state 67


State 52

    8 lfconj: lfterm '^' lfconj .

    $default  reduce using rule 8 (lfconj)


State 53

   39 elements: nodes ',' . elements

    ID      shift, and go to state 17
    VAR     shift, and go to state 18
    STRING  shift, and go to state 19
    '<'     shift, and go to state 20
    '['     shift, and go to state 21
    "<!"    shift, and go to state 22
    "..."   shift, and go to state 35

    nodes     go to state 36
    node      go to state 24
    elements  go to state 68


State 54

   30 node: '<' elements '>' .

    $default  reduce using rule 30 (node)


State 55

   37 path: ID '.' . path

    ID  shift, and go to state 38

    path  go to state 69


State 56

   28 node: '[' featvals ']' .

    $default  reduce using rule 28 (node)


State 57

   34 featvals: featval ',' . featvals

    ID  shift, and go to state 38

    featvals  go to state 70
    featval   go to state 40
    path      go to state 41


State 58

   36 featval: path nodes .

    $default  reduce using rule 36 (featval)


State 59

   31 node: "<!" elements "!>" .

    $default  reduce using rule 31 (node)


State 60

   24 nodes: node '&' nodes .

    $default  reduce using rule 24 (nodes)


State 61

   20 keyval: ',' ID . '=' STRING keyval
   21       | ',' ID . '=' ID keyval

    '='  shift, and go to state 71


State 62

   19 rawlf: ID '(' ID keyval ')' .

    $default  reduce using rule 19 (rawlf)


State 63

    5 lf: '@' ID ':' ID '(' . lfconj ')'

    ID   shift, and go to state 12
    ':'  shift, and go to state 13
    '<'  shift, and go to state 14

    lfconj  go to state 72
    lfterm  go to state 16


State 64

    6 lf: '@' ID '(' lfconj ')' .

    $default  reduce using rule 6 (lf)


State 65

   11 lfterm: '<' ID '>' ID .
   13       | '<' ID '>' ID . ':' ID
   14       | '<' ID '>' ID . ':'

    ':'  shift, and go to state 73

    $default  reduce using rule 11 (lfterm)


State 66

   12 lfterm: '<' ID '>' STRING .

    $default  reduce using rule 12 (lfterm)


State 67

   10 lfterm: '<' ID '>' '(' . lfconj ')'

    ID   shift, and go to state 12
    ':'  shift, and go to state 13
    '<'  shift, and go to state 14

    lfconj  go to state 74
    lfterm  go to state 16


State 68

   39 elements: nodes ',' elements .

    $default  reduce using rule 39 (elements)


State 69

   37 path: ID '.' path .

    $default  reduce using rule 37 (path)


State 70

   34 featvals: featval ',' featvals .

    $default  reduce using rule 34 (featvals)


State 71

   20 keyval: ',' ID '=' . STRING keyval
   21       | ',' ID '=' . ID keyval

    ID      shift, and go to state 75
    STRING  shift, and go to state 76


State 72

    5 lf: '@' ID ':' ID '(' lfconj . ')'

    ')'  shift, and go to state 77


State 73

   13 lfterm: '<' ID '>' ID ':' . ID
   14       | '<' ID '>' ID ':' .

    ID  shift, and go to state 78

    $default  reduce using rule 14 (lfterm)


State 74

   10 lfterm: '<' ID '>' '(' lfconj . ')'

    ')'  shift, and go to state 79


State 75

   21 keyval: ',' ID '=' ID . keyval

    ','  shift, and go to state 46

    $default  reduce using rule 22 (keyval)

    keyval  go to state 80


State 76

   20 keyval: ',' ID '=' STRING . keyval

    ','  shift, and go to state 46

    $default  reduce using rule 22 (keyval)

    keyval  go to state 81


State 77

    5 lf: '@' ID ':' ID '(' lfconj ')' .

    $default  reduce using rule 5 (lf)


State 78

   13 lfterm: '<' ID '>' ID ':' ID .

    $default  reduce using rule 13 (lfterm)


State 79

   10 lfterm: '<' ID '>' '(' lfconj ')' .

    $default  reduce using rule 10 (lfterm)


State 80

   21 keyval: ',' ID '=' ID keyval .

    $default  reduce using rule 21 (keyval)


State 81

   20 keyval: ',' ID '=' STRING keyval .

    $default  reduce using rule 20 (keyval)
